  Scheduler.cpp
  Please define _WIN32_WINNT or _WIN32_WINDOWS appropriately. For example:
  - add -D_WIN32_WINNT=0x0601 to the compiler command line; or
  - add _WIN32_WINNT=0x0601 to your project's Preprocessor Definitions.
  Assuming _WIN32_WINNT=0x0601 (i.e. Windows 7 target).
  BoostServer.cpp
  Please define _WIN32_WINNT or _WIN32_WINDOWS appropriately. For example:
  - add -D_WIN32_WINNT=0x0601 to the compiler command line; or
  - add _WIN32_WINNT=0x0601 to your project's Preprocessor Definitions.
  Assuming _WIN32_WINNT=0x0601 (i.e. Windows 7 target).
D:\Audio_and_video_servers\BXC_MediaServer\L4-httpflvServer\Server\BoostServer.cpp(66,4): warning C4477: “fprintf”: 格式字符串“%d”需要类型“int”的参数，但可变参数 4 拥有了类型“std::thread::id”
D:\Audio_and_video_servers\BXC_MediaServer\L4-httpflvServer\Server\BoostServer.cpp(71,2): warning C4477: “fprintf”: 格式字符串“%d”需要类型“int”的参数，但可变参数 4 拥有了类型“std::thread::id”
  HttpServerConnection.cpp
  Please define _WIN32_WINNT or _WIN32_WINDOWS appropriately. For example:
  - add -D_WIN32_WINNT=0x0601 to the compiler command line; or
  - add _WIN32_WINNT=0x0601 to your project's Preprocessor Definitions.
  Assuming _WIN32_WINNT=0x0601 (i.e. Windows 7 target).
D:\Audio_and_video_servers\BXC_MediaServer\L4-httpflvServer\Server\HttpServerConnection.cpp(168,44): warning C4267: “=”: 从“size_t”转换到“int”，可能丢失数据
  main.cpp
  Please define _WIN32_WINNT or _WIN32_WINDOWS appropriately. For example:
  - add -D_WIN32_WINNT=0x0601 to the compiler command line; or
  - add _WIN32_WINNT=0x0601 to your project's Preprocessor Definitions.
  Assuming _WIN32_WINNT=0x0601 (i.e. Windows 7 target).
  正在生成代码...
  L4-httpflvServer.vcxproj -> D:\Audio_and_video_servers\BXC_MediaServer\x64\Debug\L4-httpflvServer.exe
